ar/barcode-reader/app/build/intermediates/manifest_merge_blame_file/debug/manifest-merger-blame-debug-report.txt
1<?xml version="1.0" encoding="utf-8"?>
2<manifest xmlns:android="http://schemas.android.com/apk/res/android"
3    package="com.google.android.gms.samples.vision.barcodereader"
4    android:installLocation="auto"
5    android:versionCode="1"
6    android:versionName="1.0" >
7
8    <uses-sdk
9        android:minSdkVersion="9"
9-->src/main/AndroidManifest.xml
10        android:targetSdkVersion="24" />
10-->src/main/AndroidManifest.xml
11
12    <uses-feature android:name="android.hardware.camera" />
12-->src/main/AndroidManifest.xml:6:5-60
12-->src/main/AndroidManifest.xml:6:19-57
13
14    <uses-permission android:name="android.permission.CAMERA" />
14-->src/main/AndroidManifest.xml:8:5-65
14-->src/main/AndroidManifest.xml:8:22-62
15
16    <application
16-->src/main/AndroidManifest.xml:10:5-37:19
17        android:allowBackup="true"
17-->src/main/AndroidManifest.xml:11:9-35
18        android:debuggable="true"
19        android:fullBackupContent="false"
19-->src/main/AndroidManifest.xml:12:9-42
20        android:hardwareAccelerated="true"
20-->src/main/AndroidManifest.xml:13:9-43
21        android:icon="@drawable/icon"
21-->src/main/AndroidManifest.xml:14:9-38
22        android:label="MultiTrackerApp"
22-->src/main/AndroidManifest.xml:15:9-40
23        android:supportsRtl="true"
23-->src/main/AndroidManifest.xml:16:9-37
24        android:testOnly="true"
25        android:theme="@style/Theme.AppCompat" >
25-->src/main/AndroidManifest.xml:17:9-47
26        <meta-data
26-->src/main/AndroidManifest.xml:18:9-20:69
27            android:name="com.google.android.gms.version"
27-->src/main/AndroidManifest.xml:19:13-58
28            android:value="@integer/google_play_services_version" />
28-->src/main/AndroidManifest.xml:20:13-66
29        <meta-data
29-->src/main/AndroidManifest.xml:21:9-23:39
30            android:name="com.google.android.gms.vision.DEPENDENCIES"
30-->src/main/AndroidManifest.xml:22:13-70
31            android:value="barcode" />
31-->src/main/AndroidManifest.xml:23:13-36
32
33        <activity
33-->src/main/AndroidManifest.xml:25:9-33:20
34            android:name="com.google.android.gms.samples.vision.barcodereader.MainActivity"
34-->src/main/AndroidManifest.xml:26:13-41
35            android:label="@string/title_activity_main" >
35-->src/main/AndroidManifest.xml:27:13-56
36            <intent-filter>
36-->src/main/AndroidManifest.xml:28:13-32:29
37                <action android:name="android.intent.action.MAIN" />
37-->src/main/AndroidManifest.xml:29:17-69
37-->src/main/AndroidManifest.xml:29:25-66
38
39                <category android:name="android.intent.category.LAUNCHER" />
39-->src/main/AndroidManifest.xml:31:17-77
39-->src/main/AndroidManifest.xml:31:27-74
40            </intent-filter>
41        </activity>
42        <activity
42-->src/main/AndroidManifest.xml:35:9-36:43
43            android:name="com.google.android.gms.samples.vision.barcodereader.BarcodeCaptureActivity"
43-->src/main/AndroidManifest.xml:35:19-57
44            android:label="Read Barcode" />
44-->src/main/AndroidManifest.xml:36:13-41
45        <activity
45-->[com.google.android.gms:play-services-base:9.4.0] AndroidManifest.xml:20:9-22:45
46            android:name="com.google.android.gms.common.api.GoogleApiActivity"
46-->[com.google.android.gms:play-services-base:9.4.0] AndroidManifest.xml:20:19-85
47            android:exported="false"
47-->[com.google.android.gms:play-services-base:9.4.0] AndroidManifest.xml:22:19-43
48            android:theme="@android:style/Theme.Translucent.NoTitleBar" />
48-->[com.google.android.gms:play-services-base:9.4.0] AndroidManifest.xml:21:19-78
49    </application>
50
51</manifest>